# JRE version: Java(TM) SE Runtime Environment (8.0_261-b12) (build 1.8.0_261-b12)
# Java VM: Java HotSpot(TM) 64-Bit Server VM (25.261-b12 mixed mode windows-amd64 compressed oops)
Heap:
 PSYoungGen      total 486400K, used 486368K [0x00000000d6000000, 0x00000000f6380000, 0x0000000100000000)
  eden space 481792K, 100% used [0x00000000d6000000,0x00000000f3680000,0x00000000f3680000)
  from space 4608K, 99% used [0x00000000f4600000,0x00000000f4a78368,0x00000000f4a80000)
  to   space 15872K, 99% used [0x00000000f3680000,0x00000000f45fb010,0x00000000f4600000)
 ParOldGen       total 522240K, used 522238K [0x0000000082000000, 0x00000000a1e00000, 0x00000000d6000000)
  object space 522240K, 99% used [0x0000000082000000,0x00000000a1dffab0,0x00000000a1e00000)
 Metaspace       used 4159K, capacity 4636K, committed 4864K, reserved 1056768K
  class space    used 430K, capacity 460K, committed 512K, reserved 1048576K
GC Heap History (10 events):
Event: 35.014 GC heap after
Heap after GC invocations=111 (full 3):
 PSYoungGen      total 497152K, used 112K [0x00000000d6000000, 0x00000000f4b80000, 0x0000000100000000)
  eden space 492032K, 0% used [0x00000000d6000000,0x00000000d6000000,0x00000000f4080000)
  from space 5120K, 2% used [0x00000000f4680000,0x00000000f469c010,0x00000000f4b80000)
  to   space 5632K, 0% used [0x00000000f4080000,0x00000000f4080000,0x00000000f4600000)
 ParOldGen       total 469504K, used 263862K [0x0000000082000000, 0x000000009ea80000, 0x00000000d6000000)
  object space 469504K, 56% used [0x0000000082000000,0x00000000921adab0,0x000000009ea80000)
 Metaspace       used 4159K, capacity 4636K, committed 4864K, reserved 1056768K
  class space    used 430K, capacity 460K, committed 512K, reserved 1048576K
}
Event: 35.359 GC heap before
{Heap before GC invocations=112 (full 3):
 PSYoungGen      total 497152K, used 492144K [0x00000000d6000000, 0x00000000f4b80000, 0x0000000100000000)
  eden space 492032K, 100% used [0x00000000d6000000,0x00000000f4080000,0x00000000f4080000)
  from space 5120K, 2% used [0x00000000f4680000,0x00000000f469c010,0x00000000f4b80000)
  to   space 5632K, 0% used [0x00000000f4080000,0x00000000f4080000,0x00000000f4600000)
 ParOldGen       total 469504K, used 263862K [0x0000000082000000, 0x000000009ea80000, 0x00000000d6000000)
  object space 469504K, 56% used [0x0000000082000000,0x00000000921adab0,0x000000009ea80000)
 Metaspace       used 4159K, capacity 4636K, committed 4864K, reserved 1056768K
  class space    used 430K, capacity 460K, committed 512K, reserved 1048576K
Event: 35.360 GC heap after
Heap after GC invocations=112 (full 3):
 PSYoungGen      total 497664K, used 96K [0x00000000d6000000, 0x00000000f4b00000, 0x0000000100000000)
  eden space 492032K, 0% used [0x00000000d6000000,0x00000000d6000000,0x00000000f4080000)
  from space 5632K, 1% used [0x00000000f4080000,0x00000000f4098000,0x00000000f4600000)
  to   space 5120K, 0% used [0x00000000f4600000,0x00000000f4600000,0x00000000f4b00000)
 ParOldGen       total 469504K, used 263862K [0x0000000082000000, 0x000000009ea80000, 0x00000000d6000000)
  object space 469504K, 56% used [0x0000000082000000,0x00000000921adab0,0x000000009ea80000)
 Metaspace       used 4159K, capacity 4636K, committed 4864K, reserved 1056768K
  class space    used 430K, capacity 460K, committed 512K, reserved 1048576K
}
Event: 35.704 GC heap before
{Heap before GC invocations=113 (full 3):
 PSYoungGen      total 497664K, used 492128K [0x00000000d6000000, 0x00000000f4b00000, 0x0000000100000000)
  eden space 492032K, 100% used [0x00000000d6000000,0x00000000f4080000,0x00000000f4080000)
  from space 5632K, 1% used [0x00000000f4080000,0x00000000f4098000,0x00000000f4600000)
  to   space 5120K, 0% used [0x00000000f4600000,0x00000000f4600000,0x00000000f4b00000)
 ParOldGen       total 469504K, used 263862K [0x0000000082000000, 0x000000009ea80000, 0x00000000d6000000)
  object space 469504K, 56% used [0x0000000082000000,0x00000000921adab0,0x000000009ea80000)
 Metaspace       used 4159K, capacity 4636K, committed 4864K, reserved 1056768K
  class space    used 430K, capacity 460K, committed 512K, reserved 1048576K
Event: 35.705 GC heap after
Heap after GC invocations=113 (full 3):
 PSYoungGen      total 497664K, used 160K [0x00000000d6000000, 0x00000000f4b00000, 0x0000000100000000)
  eden space 492544K, 0% used [0x00000000d6000000,0x00000000d6000000,0x00000000f4100000)
  from space 5120K, 3% used [0x00000000f4600000,0x00000000f4628000,0x00000000f4b00000)
  to   space 5120K, 0% used [0x00000000f4100000,0x00000000f4100000,0x00000000f4600000)
 ParOldGen       total 469504K, used 263862K [0x0000000082000000, 0x000000009ea80000, 0x00000000d6000000)
  object space 469504K, 56% used [0x0000000082000000,0x00000000921adab0,0x000000009ea80000)
 Metaspace       used 4159K, capacity 4636K, committed 4864K, reserved 1056768K
  class space    used 430K, capacity 460K, committed 512K, reserved 1048576K
}
Event: 36.047 GC heap before
{Heap before GC invocations=114 (full 3):
 PSYoungGen      total 497664K, used 492704K [0x00000000d6000000, 0x00000000f4b00000, 0x0000000100000000)
  eden space 492544K, 100% used [0x00000000d6000000,0x00000000f4100000,0x00000000f4100000)
  from space 5120K, 3% used [0x00000000f4600000,0x00000000f4628000,0x00000000f4b00000)
  to   space 5120K, 0% used [0x00000000f4100000,0x00000000f4100000,0x00000000f4600000)
 ParOldGen       total 469504K, used 263862K [0x0000000082000000, 0x000000009ea80000, 0x00000000d6000000)
  object space 469504K, 56% used [0x0000000082000000,0x00000000921adab0,0x000000009ea80000)
 Metaspace       used 4159K, capacity 4636K, committed 4864K, reserved 1056768K
  class space    used 430K, capacity 460K, committed 512K, reserved 1048576K
Event: 36.048 GC heap after
Heap after GC invocations=114 (full 3):
 PSYoungGen      total 497664K, used 144K [0x00000000d6000000, 0x00000000f4a80000, 0x0000000100000000)
  eden space 492544K, 0% used [0x00000000d6000000,0x00000000d6000000,0x00000000f4100000)
  from space 5120K, 2% used [0x00000000f4100000,0x00000000f4124010,0x00000000f4600000)
  to   space 4608K, 0% used [0x00000000f4600000,0x00000000f4600000,0x00000000f4a80000)
 ParOldGen       total 469504K, used 263862K [0x0000000082000000, 0x000000009ea80000, 0x00000000d6000000)
  object space 469504K, 56% used [0x0000000082000000,0x00000000921adab0,0x000000009ea80000)
 Metaspace       used 4159K, capacity 4636K, committed 4864K, reserved 1056768K
  class space    used 430K, capacity 460K, committed 512K, reserved 1048576K
}
Event: 36.381 GC heap before
{Heap before GC invocations=115 (full 3):
 PSYoungGen      total 497664K, used 492688K [0x00000000d6000000, 0x00000000f4a80000, 0x0000000100000000)
  eden space 492544K, 99% used [0x00000000d6000000,0x00000000f40ffff0,0x00000000f4100000)
  from space 5120K, 2% used [0x00000000f4100000,0x00000000f4124010,0x00000000f4600000)
  to   space 4608K, 0% used [0x00000000f4600000,0x00000000f4600000,0x00000000f4a80000)
 ParOldGen       total 469504K, used 263862K [0x0000000082000000, 0x000000009ea80000, 0x00000000d6000000)
  object space 469504K, 56% used [0x0000000082000000,0x00000000921adab0,0x000000009ea80000)
 Metaspace       used 4159K, capacity 4636K, committed 4864K, reserved 1056768K
  class space    used 430K, capacity 460K, committed 512K, reserved 1048576K
Event: 36.400 GC heap after
Heap after GC invocations=115 (full 3):
 PSYoungGen      total 486400K, used 4576K [0x00000000d6000000, 0x00000000f6380000, 0x0000000100000000)
  eden space 481792K, 0% used [0x00000000d6000000,0x00000000d6000000,0x00000000f3680000)
  from space 4608K, 99% used [0x00000000f4600000,0x00000000f4a78368,0x00000000f4a80000)
  to   space 15872K, 0% used [0x00000000f3680000,0x00000000f3680000,0x00000000f4600000)
 ParOldGen       total 469504K, used 291030K [0x0000000082000000, 0x000000009ea80000, 0x00000000d6000000)
  object space 469504K, 61% used [0x0000000082000000,0x0000000093c35ab0,0x000000009ea80000)
 Metaspace       used 4159K, capacity 4636K, committed 4864K, reserved 1056768K
  class space    used 430K, capacity 460K, committed 512K, reserved 1048576K
}
Event: 36.610 GC heap before
{Heap before GC invocations=116 (full 3):
 PSYoungGen      total 486400K, used 486368K [0x00000000d6000000, 0x00000000f6380000, 0x0000000100000000)
  eden space 481792K, 100% used [0x00000000d6000000,0x00000000f3680000,0x00000000f3680000)
  from space 4608K, 99% used [0x00000000f4600000,0x00000000f4a78368,0x00000000f4a80000)
  to   space 15872K, 0% used [0x00000000f3680000,0x00000000f3680000,0x00000000f4600000)
 ParOldGen       total 469504K, used 291030K [0x0000000082000000, 0x000000009ea80000, 0x00000000d6000000)
  object space 469504K, 61% used [0x0000000082000000,0x0000000093c35ab0,0x000000009ea80000)
 Metaspace       used 4159K, capacity 4636K, committed 4864K, reserved 1056768K
  class space    used 430K, capacity 460K, committed 512K, reserved 1048576K

