# JRE version: Java(TM) SE Runtime Environment (8.0_261-b12) (build 1.8.0_261-b12)
# Java VM: Java HotSpot(TM) 64-Bit Server VM (25.261-b12 mixed mode windows-amd64 compressed oops)
Heap:
 PSYoungGen      total 266752K, used 188216K [0x00000000d6000000, 0x00000000f0300000, 0x0000000100000000)
  eden space 262144K, 71% used [0x00000000d6000000,0x00000000e17a6158,0x00000000e6000000)
  from space 4608K, 3% used [0x00000000e6480000,0x00000000e64a8000,0x00000000e6900000)
  to   space 4608K, 0% used [0x00000000e6000000,0x00000000e6000000,0x00000000e6480000)
 ParOldGen       total 86016K, used 2944K [0x0000000082000000, 0x0000000087400000, 0x00000000d6000000)
  object space 86016K, 3% used [0x0000000082000000,0x00000000822e00a0,0x0000000087400000)
 Metaspace       used 7981K, capacity 8218K, committed 8448K, reserved 1056768K
  class space    used 843K, capacity 941K, committed 1024K, reserved 1048576K
GC Heap History (10 events):
Event: 0.842 GC heap before
{Heap before GC invocations=6 (full 0):
 PSYoungGen      total 70656K, used 68104K [0x00000000d6000000, 0x00000000de800000, 0x0000000100000000)
  eden space 65536K, 100% used [0x00000000d6000000,0x00000000da000000,0x00000000da000000)
  from space 5120K, 50% used [0x00000000da000000,0x00000000da282020,0x00000000da500000)
  to   space 4096K, 0% used [0x00000000de400000,0x00000000de400000,0x00000000de800000)
 ParOldGen       total 86016K, used 48K [0x0000000082000000, 0x0000000087400000, 0x00000000d6000000)
  object space 86016K, 0% used [0x0000000082000000,0x000000008200c000,0x0000000087400000)
 Metaspace       used 7557K, capacity 7802K, committed 7936K, reserved 1056768K
  class space    used 804K, capacity 909K, committed 1024K, reserved 1048576K
Event: 0.845 GC heap after
Heap after GC invocations=6 (full 0):
 PSYoungGen      total 135168K, used 2584K [0x00000000d6000000, 0x00000000de800000, 0x0000000100000000)
  eden space 131072K, 0% used [0x00000000d6000000,0x00000000d6000000,0x00000000de000000)
  from space 4096K, 63% used [0x00000000de400000,0x00000000de686010,0x00000000de800000)
  to   space 4096K, 0% used [0x00000000de000000,0x00000000de000000,0x00000000de400000)
 ParOldGen       total 86016K, used 56K [0x0000000082000000, 0x0000000087400000, 0x00000000d6000000)
  object space 86016K, 0% used [0x0000000082000000,0x000000008200e000,0x0000000087400000)
 Metaspace       used 7557K, capacity 7802K, committed 7936K, reserved 1056768K
  class space    used 804K, capacity 909K, committed 1024K, reserved 1048576K
}
Event: 1.010 GC heap before
{Heap before GC invocations=7 (full 0):
 PSYoungGen      total 135168K, used 133656K [0x00000000d6000000, 0x00000000de800000, 0x0000000100000000)
  eden space 131072K, 100% used [0x00000000d6000000,0x00000000de000000,0x00000000de000000)
  from space 4096K, 63% used [0x00000000de400000,0x00000000de686010,0x00000000de800000)
  to   space 4096K, 0% used [0x00000000de000000,0x00000000de000000,0x00000000de400000)
 ParOldGen       total 86016K, used 56K [0x0000000082000000, 0x0000000087400000, 0x00000000d6000000)
  object space 86016K, 0% used [0x0000000082000000,0x000000008200e000,0x0000000087400000)
 Metaspace       used 7569K, capacity 7802K, committed 7936K, reserved 1056768K
  class space    used 804K, capacity 909K, committed 1024K, reserved 1048576K
Event: 1.015 GC heap after
Heap after GC invocations=7 (full 0):
 PSYoungGen      total 135168K, used 96K [0x00000000d6000000, 0x00000000e6900000, 0x0000000100000000)
  eden space 131072K, 0% used [0x00000000d6000000,0x00000000d6000000,0x00000000de000000)
  from space 4096K, 2% used [0x00000000de000000,0x00000000de018000,0x00000000de400000)
  to   space 4608K, 0% used [0x00000000e6480000,0x00000000e6480000,0x00000000e6900000)
 ParOldGen       total 86016K, used 2572K [0x0000000082000000, 0x0000000087400000, 0x00000000d6000000)
  object space 86016K, 2% used [0x0000000082000000,0x0000000082283090,0x0000000087400000)
 Metaspace       used 7569K, capacity 7802K, committed 7936K, reserved 1056768K
  class space    used 804K, capacity 909K, committed 1024K, reserved 1048576K
}
Event: 1.178 GC heap before
{Heap before GC invocations=8 (full 0):
 PSYoungGen      total 135168K, used 131168K [0x00000000d6000000, 0x00000000e6900000, 0x0000000100000000)
  eden space 131072K, 100% used [0x00000000d6000000,0x00000000de000000,0x00000000de000000)
  from space 4096K, 2% used [0x00000000de000000,0x00000000de018000,0x00000000de400000)
  to   space 4608K, 0% used [0x00000000e6480000,0x00000000e6480000,0x00000000e6900000)
 ParOldGen       total 86016K, used 2572K [0x0000000082000000, 0x0000000087400000, 0x00000000d6000000)
  object space 86016K, 2% used [0x0000000082000000,0x0000000082283090,0x0000000087400000)
 Metaspace       used 7939K, capacity 8154K, committed 8448K, reserved 1056768K
  class space    used 842K, capacity 941K, committed 1024K, reserved 1048576K
Event: 1.179 GC heap after
Heap after GC invocations=8 (full 0):
 PSYoungGen      total 266752K, used 384K [0x00000000d6000000, 0x00000000e6900000, 0x0000000100000000)
  eden space 262144K, 0% used [0x00000000d6000000,0x00000000d6000000,0x00000000e6000000)
  from space 4608K, 8% used [0x00000000e6480000,0x00000000e64e0000,0x00000000e6900000)
  to   space 4608K, 0% used [0x00000000e6000000,0x00000000e6000000,0x00000000e6480000)
 ParOldGen       total 86016K, used 2580K [0x0000000082000000, 0x0000000087400000, 0x00000000d6000000)
  object space 86016K, 2% used [0x0000000082000000,0x0000000082285090,0x0000000087400000)
 Metaspace       used 7939K, capacity 8154K, committed 8448K, reserved 1056768K
  class space    used 842K, capacity 941K, committed 1024K, reserved 1048576K
}
Event: 1.431 GC heap before
{Heap before GC invocations=9 (full 0):
 PSYoungGen      total 266752K, used 262528K [0x00000000d6000000, 0x00000000e6900000, 0x0000000100000000)
  eden space 262144K, 100% used [0x00000000d6000000,0x00000000e6000000,0x00000000e6000000)
  from space 4608K, 8% used [0x00000000e6480000,0x00000000e64e0000,0x00000000e6900000)
  to   space 4608K, 0% used [0x00000000e6000000,0x00000000e6000000,0x00000000e6480000)
 ParOldGen       total 86016K, used 2580K [0x0000000082000000, 0x0000000087400000, 0x00000000d6000000)
  object space 86016K, 2% used [0x0000000082000000,0x0000000082285090,0x0000000087400000)
 Metaspace       used 7959K, capacity 8218K, committed 8448K, reserved 1056768K
  class space    used 842K, capacity 941K, committed 1024K, reserved 1048576K
Event: 1.432 GC heap after
Heap after GC invocations=9 (full 0):
 PSYoungGen      total 266752K, used 416K [0x00000000d6000000, 0x00000000e6900000, 0x0000000100000000)
  eden space 262144K, 0% used [0x00000000d6000000,0x00000000d6000000,0x00000000e6000000)
  from space 4608K, 9% used [0x00000000e6000000,0x00000000e6068000,0x00000000e6480000)
  to   space 4608K, 0% used [0x00000000e6480000,0x00000000e6480000,0x00000000e6900000)
 ParOldGen       total 86016K, used 2604K [0x0000000082000000, 0x0000000087400000, 0x00000000d6000000)
  object space 86016K, 3% used [0x0000000082000000,0x000000008228b090,0x0000000087400000)
 Metaspace       used 7959K, capacity 8218K, committed 8448K, reserved 1056768K
  class space    used 842K, capacity 941K, committed 1024K, reserved 1048576K
}
Event: 1.646 GC heap before
{Heap before GC invocations=10 (full 0):
 PSYoungGen      total 266752K, used 262560K [0x00000000d6000000, 0x00000000e6900000, 0x0000000100000000)
  eden space 262144K, 100% used [0x00000000d6000000,0x00000000e6000000,0x00000000e6000000)
  from space 4608K, 9% used [0x00000000e6000000,0x00000000e6068000,0x00000000e6480000)
  to   space 4608K, 0% used [0x00000000e6480000,0x00000000e6480000,0x00000000e6900000)
 ParOldGen       total 86016K, used 2604K [0x0000000082000000, 0x0000000087400000, 0x00000000d6000000)
  object space 86016K, 3% used [0x0000000082000000,0x000000008228b090,0x0000000087400000)
 Metaspace       used 7973K, capacity 8218K, committed 8448K, reserved 1056768K
  class space    used 843K, capacity 941K, committed 1024K, reserved 1048576K
Event: 1.647 GC heap after
Heap after GC invocations=10 (full 0):
 PSYoungGen      total 266752K, used 160K [0x00000000d6000000, 0x00000000f0300000, 0x0000000100000000)
  eden space 262144K, 0% used [0x00000000d6000000,0x00000000d6000000,0x00000000e6000000)
  from space 4608K, 3% used [0x00000000e6480000,0x00000000e64a8000,0x00000000e6900000)
  to   space 4608K, 0% used [0x00000000e6000000,0x00000000e6000000,0x00000000e6480000)
 ParOldGen       total 86016K, used 2944K [0x0000000082000000, 0x0000000087400000, 0x00000000d6000000)
  object space 86016K, 3% used [0x0000000082000000,0x00000000822e00a0,0x0000000087400000)
 Metaspace       used 7973K, capacity 8218K, committed 8448K, reserved 1056768K
  class space    used 843K, capacity 941K, committed 1024K, reserved 1048576K
}

